<?xml version="1.0" encoding="UTF-8"?>
<testng-results ignored="0" total="1" passed="1" failed="0" skipped="0">
  <reporter-output>
  </reporter-output>
  <suite started-at="2022-04-26T07:06:55Z" name="Default suite" finished-at="2022-04-26T07:06:55Z" duration-ms="140">
    <groups>
    </groups>
    <test started-at="2022-04-26T07:06:55Z" name="Default test" finished-at="2022-04-26T07:06:55Z" duration-ms="140">
      <class name="MavenExecution.ReadDataFromCommandLineTest">
        <test-method signature="readDataFromcmdTest()[pri:0, instance:MavenExecution.ReadDataFromCommandLineTest@61001b64]" started-at="2022-04-26T07:06:55Z" name="readDataFromcmdTest" finished-at="2022-04-26T07:06:55Z" duration-ms="38" status="PASS">
          <reporter-output>
          </reporter-output>
        </test-method> <!-- readDataFromcmdTest -->
      </class> <!-- MavenExecution.ReadDataFromCommandLineTest -->
    </test> <!-- Default test -->
  </suite> <!-- Default suite -->
</testng-results>
